<?xml version="1.0" encoding="utf-8"?><testsuites name="pytest tests"><testsuite name="pytest" errors="0" failures="0" skipped="0" tests="14" time="18.883" timestamp="2026-08-14T19:09:49.452616+00:00" hostname="agent-env-07953826-9596-43cd-8909-75cd8fdf3c4b"><testcase classname="tests.test_fix_0_6_audit_api" name="test_boot_backfill_status_public" time="13.765" /><testcase classname="tests.test_fix_0_6_audit_api" name="test_boot_backfill_run_requires_admin" time="0.164" /><testcase classname="tests.test_fix_0_6_audit_api" name="test_boot_backfill_run_with_admin" time="0.334" /><testcase classname="tests.test_fix_0_6_audit_api" name="test_audit_log_requires_admin" time="0.128" /><testcase classname="tests.test_fix_0_6_audit_api" name="test_audit_log_with_admin" time="0.124" /><testcase classname="tests.test_fix_0_6_audit_api" name="test_analytics_clear_creates_audit" time="1.515" /><testcase classname="tests.test_fix_0_6_audit_api" name="test_ai_rewards_clear_creates_audit" time="1.022" /><testcase classname="tests.test_fix_0_6_audit_api" name="test_audit_sorted_desc" time="0.138" /><testcase classname="tests.test_fix_0_6_audit_api" name="test_health" time="0.276" /><testcase classname="tests.test_fix_0_6_audit_api" name="test_signals" time="0.118" /><testcase classname="tests.test_fix_0_6_audit_api" name="test_strategies" time="0.132" /><testcase classname="tests.test_fix_0_6_audit_api" name="test_auto_trades" time="0.117" /><testcase classname="tests.test_fix_0_6_audit_api" name="test_analytics_or_performance" time="0.529" /><testcase classname="tests.test_fix_0_6_audit_api" name="test_login_wrong_pw_rejected" time="0.175" /></testsuite></testsuites>