<?xml version="1.0" encoding="utf-8"?><testsuites name="pytest tests"><testsuite name="pytest" errors="0" failures="0" skipped="0" tests="9" time="15.981" timestamp="2026-08-15T10:30:13.985249+00:00" hostname="agent-env-9a008105-8d05-49ec-9e4b-b02d0e271032"><testcase classname="tests.test_iter26_explain_rethink" name="test_crv_max_migration_settings_doc" time="0.001" /><testcase classname="tests.test_iter26_explain_rethink" name="test_ai_status_crv_max" time="14.235" /><testcase classname="tests.test_iter26_explain_rethink" name="test_regime_btcusdt_v2" time="0.140" /><testcase classname="tests.test_iter26_explain_rethink" name="test_regime_non_crypto_no_crash" time="0.095" /><testcase classname="tests.test_iter26_explain_rethink" name="test_explain_404" time="0.096" /><testcase classname="tests.test_iter26_explain_rethink" name="test_explain_facts_and_decision" time="0.107" /><testcase classname="tests.test_iter26_explain_rethink" name="test_rethink_requires_auth" time="0.109" /><testcase classname="tests.test_iter26_explain_rethink" name="test_rethink_cooldown_429" time="0.193" /><testcase classname="tests.test_iter26_explain_rethink" name="test_cleanup_seed" time="0.001" /></testsuite></testsuites>