<?xml version="1.0" encoding="utf-8"?><testsuites name="pytest tests"><testsuite name="pytest" errors="2" failures="3" skipped="0" tests="61" time="29.128" timestamp="2026-08-13T09:44:53.430012+00:00" hostname="agent-env-55d6c969-fd25-48c6-8095-b6817f6016af"><testcase classname="tests.test_ai_lab_api.TestObserver" name="test_observer_status" time="0.114" /><testcase classname="tests.test_ai_lab" name="test_snapshot_to_text" time="0.001" /><testcase classname="tests.test_ai_lab" name="test_nearest_snapshot_respects_gap" time="0.000" /><testcase classname="tests.test_ai_lab" name="test_default_roles_have_presets_for_every_role" time="0.000" /><testcase classname="tests.test_ai_lab" name="test_load_keeps_preset_when_user_never_configured" time="0.001"><failure message="assert True is False">E   assert True is False</failure></testcase><testcase classname="tests.test_ai_lab" name="test_update_marks_user_configured_and_reset_restores_preset" time="0.001" /><testcase classname="tests.test_ai_lab" name="test_market_observer_fields" time="0.001" /><testcase classname="tests.test_nnfx" name="test_nnfx_strategies_produce_signals[nnfx_trend-candles_up]" time="0.007" /><testcase classname="tests.test_nnfx" name="test_nnfx_strategies_produce_signals[nnfx_reversion-candles_range]" time="0.008" /><testcase classname="tests.test_nnfx" name="test_nnfx_strategies_produce_signals[nnfx_breakout-candles_up]" time="0.005" /><testcase classname="tests.test_ai_lab_api.TestRoles" name="test_roles_contains_new_roles_with_preset" time="0.111" /><testcase classname="tests.test_ai_lab_api.TestObserver" name="test_observer_run" time="0.255" /><testcase classname="tests.test_ai_lab_api.TestRoles" name="test_roles_update_then_reset" time="0.418" /><testcase classname="tests.test_ai_lab_api.TestObserver" name="test_observer_snapshots" time="0.127" /><testcase classname="tests.test_iter7_watchdog_lessons_notify" name="test_destructive_endpoints_require_auth[POST-/api/ai/ml/reset]" time="0.111" /><testcase classname="tests.test_iter7_watchdog_lessons_notify" name="test_destructive_endpoints_require_auth[POST-/api/ai/research/reset]" time="0.115" /><testcase classname="tests.test_iter3_system_ram_backtest_apply.TestResetEndpoints" name="test_backtest_reset" time="0.177" /><testcase classname="tests.test_iter8_token_crv_lev" name="test_market_observer_reuses_summary_when_unchanged" time="0.001" /><testcase classname="tests.test_iter8_token_crv_lev" name="test_market_observer_regenerates_on_move" time="0.001" /><testcase classname="tests.test_iter3_system_ram_backtest_apply.TestResetEndpoints" name="test_optimizer_reset" time="0.044" /><testcase classname="tests.test_iter_tz_customparams_liquidity.TestCustomStrategyIndicators" name="test_adx_rules_are_evaluated" time="0.002" /><testcase classname="tests.test_iter_tz_customparams_liquidity.TestCustomStrategyIndicators" name="test_threshold_param_changes_signal" time="0.001" /><testcase classname="tests.test_regime_extras" name="test_strategy_params_change_signal_count" time="0.006" /><testcase classname="tests.test_regime_extras" name="test_provider_cache_returns_different_signals_per_params" time="0.005" /><testcase classname="tests.test_merge_ema_regime" name="test_dean_smoke_no_500[/api/signals]" time="0.193" /><testcase classname="tests.test_merge_ema_regime" name="test_dean_smoke_no_500[/api/ai/observer/status]" time="0.055" /><testcase classname="tests.test_regime_v2_integration.TestAnalyzeValidation" name="test_engine_quatsch_400" time="0.221" /><testcase classname="tests.test_position_watchdog" name="test_format_signal_message_none_safe" time="0.000" /><testcase classname="tests.test_position_watchdog" name="test_format_signal_message_regular_signal_unchanged" time="0.000" /><testcase classname="tests.test_swing_and_profit_lock.TestSwingSignalClamps" name="test_swing_config_defaults" time="0.000" /><testcase classname="tests.test_swing_and_profit_lock.TestSwingSignalClamps" name="test_actions_contains_secure_profit" time="0.000" /><testcase classname="tests.test_trend_surfer" name="test_long_signal_in_clean_uptrend" time="0.006" /><testcase classname="tests.test_trend_surfer" name="test_no_signal_in_chop_regime_gate" time="0.006" /><testcase classname="tests.test_ai_fixes_iter2" name="test_today_block_lists_signals_and_trades" time="0.001" /><testcase classname="tests.test_regime_v2_integration.TestAnalyzeValidation" name="test_engine_v2_starts_and_completes" time="24.517" /><testcase classname="tests.test_ai_governance_api" name="test_strategies_decide_reset" time="0.100"><failure message="KeyError: 'id'">E   KeyError: 'id'</failure></testcase><testcase classname="tests.test_ai_iter2_governance" name="test_repeated_signal_is_suppressed_within_cooldown" time="0.000" /><testcase classname="tests.test_ai_iter3_api" name="test_master_prompt_reset" time="0.094"><failure message="KeyError: 'defaults'">E   KeyError: 'defaults'</failure></testcase><testcase classname="tests.test_ai_lab_api.TestML" name="test_ml_train_pipeline" time="0.888" /><testcase classname="tests.test_ai_learning" name="test_aggregate_ignores_pre_signals" time="0.000" /><testcase classname="tests.test_ai_team_api" name="test_existing_endpoints_ok[/api/signals]" time="0.117" /><testcase classname="tests.test_ai_trader.TestRegression" name="test_get_endpoint_ok[/api/signals]" time="0.123" /><testcase classname="tests.test_backtest_optimizer.TestSettingsTimeframes" name="test_set_and_reset_strategy_timeframes" time="0.358" /><testcase classname="tests.test_etappe5_indicators" name="test_flossbach_no_signal_on_fomc_day" time="0.002" /><testcase classname="tests.test_fallback2_capital_trades" name="test_emit_signal_carries_capital_fields" time="0.000" /><testcase classname="tests.test_fix_custom_ai_trades" name="test_on_signal_blocked_by_master_kill_switch" time="0.001" /><testcase classname="tests.test_iter13_bugfixes_features.TestRegression" name="test_reset_available" time="0.197" /><testcase classname="tests.test_iter4_ai_api.TestSupervisorSettings" name="test_reset_to_defaults" time="0.206" /><testcase classname="tests.test_iter5_session_fixes" name="test_watchdog_manage_external_toggle_and_reset" time="0.094"><error message="failed on setup with &quot;AssertionError: login failed: 401 {&quot;detail&quot;:&quot;Falsche Zugangsdaten&quot;}&quot;">E   AssertionError: login failed: 401 {"detail":"Falsche Zugangsdaten"}</error></testcase><testcase classname="tests.test_iter6_scanner_regression.TestScannerRegression" name="test_signals_endpoint_ok" time="0.112" /><testcase classname="tests.test_iter8_live_endpoints" name="test_zzz_reset_ai_config_to_defaults" time="0.107"><error message="failed on setup with &quot;AssertionError: Admin-Login failed: 401 {&quot;detail&quot;:&quot;Falsche Zugangsdaten&quot;}&#10;assert 401 == 200&#10; +  where 401 = &lt;Response [401]&gt;.status_code&quot;">E   AssertionError: Admin-Login failed: 401 {"detail":"Falsche Zugangsdaten"}
    assert 401 == 200
     +  where 401 = &lt;Response [401]&gt;.status_code</error></testcase><testcase classname="tests.test_iter_fb2_capital_e2e" name="test_reset_role_clears_fallback2" time="0.335" /><testcase classname="tests.test_iter_reward_guard_models" name="test_role_presets_reference_valid_models" time="0.000" /><testcase classname="tests.test_krypto_alert_features.TestKryptoAlert" name="test_17_signals_today_only" time="0.657" /><testcase classname="tests.test_multicore.TestOptimizerEquivalence" name="test_evaluate_task_pool_vs_sequential" time="0.119" /><testcase classname="tests.test_regime_engine" name="test_early_warning_signals_reversal_before_switch" time="0.052" /><testcase classname="tests.test_review_swing_profitlock_api.TestAIConfigSwing" name="test_update_swing_max_leverage_persist_clamp_reset" time="0.707" /><testcase classname="tests.test_robustness_features.TestNewRobustnessChecks" name="test_stability_eval" time="0.000" /><testcase classname="tests.test_settings_persistence.TestSettingsPersistence" name="test_04_post_pre_signal_enabled_toggles" time="0.941" /><testcase classname="tests.test_review_swing_profitlock_api.TestTradeManagerSettingsClampAndReset" name="test_settings_persist_and_clamp" time="0.804" /><testcase classname="tests.test_review_swing_profitlock_api.TestTradeManagerSettingsClampAndReset" name="test_settings_requires_admin" time="0.095" /></testsuite></testsuites>