<?xml version="1.0" encoding="utf-8"?><testsuites name="pytest tests"><testsuite name="pytest" errors="0" failures="1" skipped="0" tests="10" time="25.877" timestamp="2026-08-15T01:46:02.660878+00:00" hostname="agent-env-4c583d1b-f7fd-42fa-9fb7-6a31fecc6b6c"><testcase classname="tests.test_bugfix_verification_iter22" name="test_health_alive" time="15.096"><failure message="requests.exceptions.ReadTimeout: HTTPSConnectionPool(host='auto-retrain-hub.preview.emergentagent.com', port=443): Read timed out. (read timeout=15)">/root/.venv/lib/python3.11/site-packages/urllib3/connectionpool.py:534: in _make_request
    response = conn.getresponse()
               ^^^^^^^^^^^^^^^^^^
/root/.venv/lib/python3.11/site-packages/urllib3/connection.py:571: in getresponse
    httplib_response = super().getresponse()
                       ^^^^^^^^^^^^^^^^^^^^^
/usr/local/lib/python3.11/http/client.py:1415: in getresponse
    response.begin()
/usr/local/lib/python3.11/http/client.py:330: in begin
    version, status, reason = self._read_status()
                              ^^^^^^^^^^^^^^^^^^^
/usr/local/lib/python3.11/http/client.py:291: in _read_status
    line = str(self.fp.readline(_MAXLINE + 1), "iso-8859-1")
               ^^^^^^^^^^^^^^^^^^^^^^^^^^^^^^
/usr/local/lib/python3.11/socket.py:718: in readinto
    return self._sock.recv_into(b)
           ^^^^^^^^^^^^^^^^^^^^^^^
/usr/local/lib/python3.11/ssl.py:1314: in recv_into
    return self.read(nbytes, buffer)
           ^^^^^^^^^^^^^^^^^^^^^^^^^
/usr/local/lib/python3.11/ssl.py:1166: in read
    return self._sslobj.read(len, buffer)
           ^^^^^^^^^^^^^^^^^^^^^^^^^^^^^^
E   TimeoutError: The read operation timed out

The above exception was the direct cause of the following exception:
/root/.venv/lib/python3.11/site-packages/requests/adapters.py:696: in send
    resp = conn.urlopen(
/root/.venv/lib/python3.11/site-packages/urllib3/connectionpool.py:842: in urlopen
    retries = retries.increment(
/root/.venv/lib/python3.11/site-packages/urllib3/util/retry.py:498: in increment
    raise reraise(type(error), error, _stacktrace)
          ^^^^^^^^^^^^^^^^^^^^^^^^^^^^^^^^^^^^^^^^
/root/.venv/lib/python3.11/site-packages/urllib3/util/util.py:39: in reraise
    raise value
/root/.venv/lib/python3.11/site-packages/urllib3/connectionpool.py:788: in urlopen
    response = self._make_request(
/root/.venv/lib/python3.11/site-packages/urllib3/connectionpool.py:536: in _make_request
    self._raise_timeout(err=e, url=url, timeout_value=read_timeout)
/root/.venv/lib/python3.11/site-packages/urllib3/connectionpool.py:367: in _raise_timeout
    raise ReadTimeoutError(
E   urllib3.exceptions.ReadTimeoutError: HTTPSConnectionPool(host='auto-retrain-hub.preview.emergentagent.com', port=443): Read timed out. (read timeout=15)

During handling of the above exception, another exception occurred:
tests/test_bugfix_verification_iter22.py:46: in test_health_alive
    r = requests.get(f"{BASE_URL}/api/health", timeout=15)
        ^^^^^^^^^^^^^^^^^^^^^^^^^^^^^^^^^^^^^^^^^^^^^^^^^^
/root/.venv/lib/python3.11/site-packages/requests/api.py:87: in get
    return request("get", url, params=params, **kwargs)
           ^^^^^^^^^^^^^^^^^^^^^^^^^^^^^^^^^^^^^^^^^^^^
/root/.venv/lib/python3.11/site-packages/requests/api.py:71: in request
    return session.request(method=method, url=url, **kwargs)
           ^^^^^^^^^^^^^^^^^^^^^^^^^^^^^^^^^^^^^^^^^^^^^^^^^
/root/.venv/lib/python3.11/site-packages/requests/sessions.py:651: in request
    resp = self.send(prep, **send_kwargs)
           ^^^^^^^^^^^^^^^^^^^^^^^^^^^^^^
/root/.venv/lib/python3.11/site-packages/requests/sessions.py:784: in send
    r = adapter.send(request, **kwargs)
        ^^^^^^^^^^^^^^^^^^^^^^^^^^^^^^^
/root/.venv/lib/python3.11/site-packages/requests/adapters.py:742: in send
    raise ReadTimeout(e, request=request)
E   requests.exceptions.ReadTimeout: HTTPSConnectionPool(host='auto-retrain-hub.preview.emergentagent.com', port=443): Read timed out. (read timeout=15)</failure></testcase><testcase classname="tests.test_bugfix_verification_iter22" name="test_admin_login_returns_token" time="5.338" /><testcase classname="tests.test_bugfix_verification_iter22" name="test_ml_lab_dataset_endpoint" time="0.145" /><testcase classname="tests.test_bugfix_verification_iter22" name="test_ml_lab_status_endpoint" time="0.240" /><testcase classname="tests.test_bugfix_verification_iter22" name="test_ml_gate_status" time="0.135" /><testcase classname="tests.test_bugfix_verification_iter22" name="test_ml_gate_train" time="3.919" /><testcase classname="tests.test_bugfix_verification_iter22" name="test_guard1_ki_blocked_on_data_collection_trade" time="0.194" /><testcase classname="tests.test_bugfix_verification_iter22" name="test_guard1b_manual_allowed_on_data_collection_trade" time="0.128" /><testcase classname="tests.test_bugfix_verification_iter22" name="test_guard2_sl_ratchet_blocked_too_close" time="0.194" /><testcase classname="tests.test_bugfix_verification_iter22" name="test_guard2_sl_ratchet_allowed_with_gap" time="0.137" /></testsuite></testsuites>