<?xml version="1.0" encoding="utf-8"?><testsuites name="pytest tests"><testsuite name="pytest" errors="0" failures="0" skipped="0" tests="5" time="9.137" timestamp="2026-08-15T09:24:22.460671+00:00" hostname="agent-env-9a008105-8d05-49ec-9e4b-b02d0e271032"><testcase classname="tests.test_iter25_reset_and_gate" name="test_admin_login_returns_token" time="7.723" /><testcase classname="tests.test_iter25_reset_and_gate" name="test_reset_without_auth_returns_401" time="0.119" /><testcase classname="tests.test_iter25_reset_and_gate" name="test_reset_wrong_password_returns_403" time="0.095" /><testcase classname="tests.test_iter25_reset_and_gate" name="test_reset_success_deletes_only_ai_paper" time="0.176" /><testcase classname="tests.test_iter25_reset_and_gate" name="test_ml_gate_report_regression" time="0.115" /></testsuite></testsuites>