<?xml version="1.0" encoding="utf-8"?><testsuites name="pytest tests"><testsuite name="pytest" errors="0" failures="0" skipped="0" tests="3" time="0.608" timestamp="2026-08-15T11:09:25.288028+00:00" hostname="agent-env-9a008105-8d05-49ec-9e4b-b02d0e271032"><testcase classname="tests.test_iter27_state" name="test_explain_closed_state" time="0.388" /><testcase classname="tests.test_iter27_state" name="test_explain_open_state" time="0.100" /><testcase classname="tests.test_iter27_state" name="test_review_single_only_one_action_slice" time="0.001" /></testsuite></testsuites>