<?xml version="1.0" encoding="utf-8"?><testsuites name="pytest tests"><testsuite name="pytest" errors="0" failures="0" skipped="0" tests="11" time="17.760" timestamp="2026-08-14T21:17:24.915697+00:00" hostname="agent-env-30fbddfa-50b8-4a22-91f9-3f7c01b4087c"><testcase classname="tests.test_phase5_ml_gate_api" name="test_health_alive" time="10.677" /><testcase classname="tests.test_phase5_ml_gate_api" name="test_ai_status_phase4_keys" time="0.165" /><testcase classname="tests.test_phase5_ml_gate_api" name="test_ai_lab_status_ok" time="0.140" /><testcase classname="tests.test_phase5_ml_gate_api" name="test_gate_status_shadow_mode" time="0.122" /><testcase classname="tests.test_phase5_ml_gate_api" name="test_gate_dataset" time="3.404" /><testcase classname="tests.test_phase5_ml_gate_api" name="test_gate_train_requires_auth" time="0.129" /><testcase classname="tests.test_phase5_ml_gate_api" name="test_gate_train_success" time="2.040" /><testcase classname="tests.test_phase5_ml_gate_api" name="test_gate_models_lists_both_versions_no_booster" time="0.164" /><testcase classname="tests.test_phase5_ml_gate_api" name="test_gate_report_no_500" time="0.290" /><testcase classname="tests.test_phase5_ml_gate_api" name="test_gate_settings_requires_auth" time="0.145" /><testcase classname="tests.test_phase5_ml_gate_api" name="test_gate_settings_update_and_persist" time="0.405" /></testsuite></testsuites>