<?xml version="1.0" encoding="utf-8"?><testsuites name="pytest tests"><testsuite name="pytest" errors="0" failures="0" skipped="0" tests="9" time="5.060" timestamp="2026-08-14T06:18:51.106453+00:00" hostname="agent-env-189bd9fa-d721-4cc5-949d-17df88d13b3d"><testcase classname="tests.test_rule_tf_api.TestBacktest" name="test_mtf_strategy_backtest" time="0.222" /><testcase classname="tests.test_rule_tf_api.TestCustomStrategyCRUD" name="test_create_with_tf_overrides" time="0.326" /><testcase classname="tests.test_rule_tf_api.TestBacktest" name="test_regression_scalping" time="0.135" /><testcase classname="tests.test_rule_tf_api.TestCustomStrategyCRUD" name="test_reject_lower_than_base" time="0.084" /><testcase classname="tests.test_rule_tf_api.TestOptimizer" name="test_with_rule_timeframes" time="2.186" /><testcase classname="tests.test_rule_tf_api.TestCustomStrategyCRUD" name="test_reject_invalid_tf" time="0.046" /><testcase classname="tests.test_rule_tf_api.TestAuth" name="test_login_ok" time="0.232" /><testcase classname="tests.test_rule_tf_api.TestOptimizer" name="test_without_rule_timeframes_backcompat" time="2.132" /><testcase classname="tests.test_rule_tf_api.TestBuilderOptions" name="test_rule_timeframes_field" time="0.047" /></testsuite></testsuites>